2020-10-30 00:30:48 INFO  UserDao:21 - Login - username: tom
2020-10-30 00:30:58 INFO  ReimbursementDao:136 - Deleting request - ID: 2
2020-10-30 00:31:17 INFO  ReimbursementDao:24 - Create request
2020-10-30 00:31:33 INFO  UserDao:21 - Login - username: johndoe
2020-10-30 00:32:51 INFO  UserDao:21 - Login - username: johndoe
2020-10-30 00:33:47 INFO  UserDao:21 - Login - username: bob
2020-10-30 00:34:00 INFO  ReimbursementDao:24 - Create request
2020-10-30 06:58:58 INFO  UserDao:21 - Login - username: bob
2020-10-30 06:59:24 INFO  ReimbursementDao:24 - Create request
2020-10-30 06:59:42 INFO  ReimbursementDao:136 - Deleting request - ID: 12
2020-10-30 06:59:44 INFO  ReimbursementDao:136 - Deleting request - ID: 12
2020-10-30 06:59:56 INFO  UserDao:21 - Login - username: tom
2020-10-30 07:00:14 INFO  ReimbursementDao:24 - Create request
2020-10-30 07:00:31 INFO  UserDao:21 - Login - username: johndoe
2020-10-30 07:00:40 INFO  ReimbursementDao:153 - Resolving request: 13
2020-10-30 07:04:57 INFO  UserDao:21 - Login - username: bob
2020-10-30 07:04:57 ERROR UserDao:43 - The url cannot be null
2020-10-30 07:05:10 INFO  UserDao:21 - Login - username: bob
2020-10-30 07:05:10 ERROR UserDao:43 - The url cannot be null
2020-10-30 07:05:39 INFO  UserDao:21 - Login - username: tom
2020-10-30 07:05:39 ERROR UserDao:43 - The url cannot be null
2020-10-30 07:06:58 INFO  UserDao:21 - Login - username: tom
2020-10-30 07:06:58 ERROR UserDao:43 - The url cannot be null
2020-10-30 07:07:06 INFO  UserDao:21 - Login - username: tom
2020-10-30 07:07:06 ERROR UserDao:43 - The url cannot be null
2020-10-30 07:07:10 INFO  UserDao:21 - Login - username: bob
2020-10-30 07:07:10 ERROR UserDao:43 - The url cannot be null
2020-10-30 07:07:17 INFO  UserDao:21 - Login - username: johndoe
2020-10-30 07:07:17 ERROR UserDao:43 - The url cannot be null
2020-10-30 07:07:24 INFO  UserDao:21 - Login - username: tom
2020-10-30 07:07:24 ERROR UserDao:43 - The url cannot be null
2020-10-30 07:08:18 INFO  UserDao:21 - Login - username: tom
2020-10-30 07:08:18 ERROR UserDao:43 - The url cannot be null
2020-10-30 07:08:52 INFO  UserDao:21 - Login - username: tom
2020-10-30 07:09:22 INFO  ReimbursementDao:24 - Create request
2020-10-30 07:09:43 INFO  ReimbursementDao:136 - Deleting request - ID: 7
2020-10-30 07:10:08 INFO  UserDao:21 - Login - username: janedoe
2020-10-30 07:10:25 INFO  ReimbursementDao:153 - Resolving request: 1
2020-10-30 07:10:37 INFO  ReimbursementDao:153 - Resolving request: 2
2020-10-30 07:10:47 INFO  ReimbursementDao:153 - Resolving request: 3
2020-10-30 07:10:57 INFO  ReimbursementDao:153 - Resolving request: 4
